docker \
  run \
  -d \
  --name \
  dimos_rosnav_238788_1772401038 \
  --network=host \
  --shm-size=8g \
  --restart=on-failure:3 \
  --label \
  dimos.kind=module \
  --label \
  dimos.module=ROSNav \
  -e \
  PYTHONUNBUFFERED=1 \
  -e \
  ROS_DISTRO=humble \
  -e \
  ROS_DOMAIN_ID=42 \
  -e \
  RMW_IMPLEMENTATION=rmw_fastrtps_cpp \
  -e \
  FASTRTPS_DEFAULT_PROFILES_FILE=/ros2_ws/config/fastdds.xml \
  -e \
  QT_X11_NO_MITSHM=1 \
  -e \
  NVIDIA_VISIBLE_DEVICES=all \
  -e \
  NVIDIA_DRIVER_CAPABILITIES=all \
  -e \
  MODE=unity_sim \
  -e \
  USE_RVIZ=false \
  -e \
  DISPLAY=:1 \
  -e \
  XAUTHORITY=/tmp/.Xauthority \
  -v \
  /tmp/.X11-unix:/tmp/.X11-unix:rw \
  -v \
  /home/dimos/dimos:/workspace/dimos:rw \
  -v \
  /home/dimos/dimos/docker/navigation/config:/ros2_ws/config:rw \
  -v \
  /home/dimos/dimos/dimos/navigation/dimos_module_entrypoint.sh:/usr/local/bin/dimos_module_entrypoint.sh:ro \
  -v \
  /home/dimos/dimos/data/sims/cmu_unity_sim_x86:/ros2_ws/src/ros-navigation-autonomy-stack/src/base_autonomy/vehicle_simulator/mesh/unity/:rw \
  -v \
  /home/dimos/dimos/data/sims/cmu_unity_sim_x86:/ros2_ws/src/ros-navigation-autonomy-stack/src/base_autonomy/vehicle_simulator/mesh/real_world/:rw \
  -v \
  /home/dimos/dimos/data/sims/cmu_unity_sim_x86:/ros2_ws/src/base_autonomy/vehicle_simulator/mesh/unity/:rw \
  -v \
  /home/dimos/dimos/data/sims/cmu_unity_sim_x86:/ros2_ws/src/base_autonomy/vehicle_simulator/mesh/real_world/:rw \
  -v \
  /home/dimos/dimos/docker/navigation/ros-navigation-autonomy-stack/src/utilities/ROS-TCP-Endpoint/ros_tcp_endpoint/server.py:/ros2_ws/install/ros_tcp_endpoint/lib/python3.10/site-packages/ros_tcp_endpoint/server.py:ro \
  -v \
  /run/user/1000/gdm/Xauthority:/tmp/.Xauthority:ro \
  --entrypoint \
  /usr/local/bin/dimos_module_entrypoint.sh \
  --cap-add=NET_ADMIN \
  dimos_autonomy_stack:humble \
  --payload \
  {"module_path":"dimos.navigation.rosnav_docker.ROSNav","args":[],"kwargs":{"config":{"frame_id_prefix":null,"frame_id":null,"local_pointcloud_freq":2.0,"global_map_freq":1.0,"mode":"unity_sim","bagfile_path":"","use_rviz":false}}}